This file contains any messages produced by compilers while
running configure, to aid debugging if configure makes a mistake.

It was created by SpaceAttack configure 2.0, which was
generated by GNU Autoconf 2.69.  Invocation command line was

  $ ./configure 

## --------- ##
## Platform. ##
## --------- ##

hostname = teneco
uname -m = x86_64
uname -r = 4.9.0-3-amd64
uname -s = Linux
uname -v = #1 SMP Debian 4.9.30-2+deb9u3 (2017-08-06)

/usr/bin/uname -p = unknown
/bin/uname -X     = unknown

/bin/arch              = unknown
/usr/bin/arch -k       = unknown
/usr/convex/getsysinfo = unknown
/usr/bin/hostinfo      = unknown
/bin/machine           = unknown
/usr/bin/oslevel       = unknown
/bin/universe          = unknown

PATH: /usr/local/bin
PATH: /usr/bin
PATH: /bin
PATH: /usr/local/games
PATH: /usr/games


## ----------- ##
## Core tests. ##
## ----------- ##

configure:2357: checking for a BSD-compatible install
configure:2425: result: /usr/bin/install -c
configure:2436: checking whether build environment is sane
configure:2491: result: yes
configure:2642: checking for a thread-safe mkdir -p
configure:2681: result: /bin/mkdir -p
configure:2688: checking for gawk
configure:2704: found /usr/bin/gawk
configure:2715: result: gawk
configure:2726: checking whether make sets $(MAKE)
configure:2748: result: yes
configure:2777: checking whether make supports nested variables
configure:2794: result: yes
configure:2983: checking for g++
configure:2999: found /usr/bin/g++
configure:3010: result: g++
configure:3037: checking for C++ compiler version
configure:3046: g++ --version >&5
g++ (Debian 6.3.0-18) 6.3.0 20170516
Copyright (C) 2016 Free Software Foundation, Inc.
This is free software; see the source for copying conditions.  There is NO
warranty; not even for MERCHANTABILITY or FITNESS FOR A PARTICULAR PURPOSE.

configure:3057: $? = 0
configure:3046: g++ -v >&5
Using built-in specs.
COLLECT_GCC=g++
COLLECT_LTO_WRAPPER=/usr/lib/gcc/x86_64-linux-gnu/6/lto-wrapper
Target: x86_64-linux-gnu
Configured with: ../src/configure -v --with-pkgversion='Debian 6.3.0-18' --with-bugurl=file:///usr/share/doc/gcc-6/README.Bugs --enable-languages=c,ada,c++,java,go,d,fortran,objc,obj-c++ --prefix=/usr --program-suffix=-6 --program-prefix=x86_64-linux-gnu- --enable-shared --enable-linker-build-id --libexecdir=/usr/lib --without-included-gettext --enable-threads=posix --libdir=/usr/lib --enable-nls --with-sysroot=/ --enable-clocale=gnu --enable-libstdcxx-debug --enable-libstdcxx-time=yes --with-default-libstdcxx-abi=new --enable-gnu-unique-object --disable-vtable-verify --enable-libmpx --enable-plugin --enable-default-pie --with-system-zlib --disable-browser-plugin --enable-java-awt=gtk --enable-gtk-cairo --with-java-home=/usr/lib/jvm/java-1.5.0-gcj-6-amd64/jre --enable-java-home --with-jvm-root-dir=/usr/lib/jvm/java-1.5.0-gcj-6-amd64 --with-jvm-jar-dir=/usr/lib/jvm-exports/java-1.5.0-gcj-6-amd64 --with-arch-directory=amd64 --with-ecj-jar=/usr/share/java/eclipse-ecj.jar --with-target-system-zlib --enable-objc-gc=auto --enable-multiarch --with-arch-32=i686 --with-abi=m64 --with-multilib-list=m32,m64,mx32 --enable-multilib --with-tune=generic --enable-checking=release --build=x86_64-linux-gnu --host=x86_64-linux-gnu --target=x86_64-linux-gnu
Thread model: posix
gcc version 6.3.0 20170516 (Debian 6.3.0-18) 
configure:3057: $? = 0
configure:3046: g++ -V >&5
g++: error: unrecognized command line option '-V'
g++: fatal error: no input files
compilation terminated.
configure:3057: $? = 1
configure:3046: g++ -qversion >&5
g++: error: unrecognized command line option '-qversion'; did you mean '--version'?
g++: fatal error: no input files
compilation terminated.
configure:3057: $? = 1
configure:3077: checking whether the C++ compiler works
configure:3099: g++    conftest.cpp  >&5
configure:3103: $? = 0
configure:3151: result: yes
configure:3154: checking for C++ compiler default output file name
configure:3156: result: a.out
configure:3162: checking for suffix of executables
configure:3169: g++ -o conftest    conftest.cpp  >&5
configure:3173: $? = 0
configure:3195: result: 
configure:3217: checking whether we are cross compiling
configure:3225: g++ -o conftest    conftest.cpp  >&5
configure:3229: $? = 0
configure:3236: ./conftest
configure:3240: $? = 0
configure:3255: result: no
configure:3260: checking for suffix of object files
configure:3282: g++ -c   conftest.cpp >&5
configure:3286: $? = 0
configure:3307: result: o
configure:3311: checking whether we are using the GNU C++ compiler
configure:3330: g++ -c   conftest.cpp >&5
configure:3330: $? = 0
configure:3339: result: yes
configure:3348: checking whether g++ accepts -g
configure:3368: g++ -c -g  conftest.cpp >&5
configure:3368: $? = 0
configure:3409: result: yes
configure:3443: checking for style of include used by make
configure:3471: result: GNU
configure:3497: checking dependency style of g++
configure:3608: result: gcc3
configure:3671: checking for gcc
configure:3687: found /usr/bin/gcc
configure:3698: result: gcc
configure:3927: checking for C compiler version
configure:3936: gcc --version >&5
gcc (Debian 6.3.0-18) 6.3.0 20170516
Copyright (C) 2016 Free Software Foundation, Inc.
This is free software; see the source for copying conditions.  There is NO
warranty; not even for MERCHANTABILITY or FITNESS FOR A PARTICULAR PURPOSE.

configure:3947: $? = 0
configure:3936: gcc -v >&5
Using built-in specs.
COLLECT_GCC=gcc
COLLECT_LTO_WRAPPER=/usr/lib/gcc/x86_64-linux-gnu/6/lto-wrapper
Target: x86_64-linux-gnu
Configured with: ../src/configure -v --with-pkgversion='Debian 6.3.0-18' --with-bugurl=file:///usr/share/doc/gcc-6/README.Bugs --enable-languages=c,ada,c++,java,go,d,fortran,objc,obj-c++ --prefix=/usr --program-suffix=-6 --program-prefix=x86_64-linux-gnu- --enable-shared --enable-linker-build-id --libexecdir=/usr/lib --without-included-gettext --enable-threads=posix --libdir=/usr/lib --enable-nls --with-sysroot=/ --enable-clocale=gnu --enable-libstdcxx-debug --enable-libstdcxx-time=yes --with-default-libstdcxx-abi=new --enable-gnu-unique-object --disable-vtable-verify --enable-libmpx --enable-plugin --enable-default-pie --with-system-zlib --disable-browser-plugin --enable-java-awt=gtk --enable-gtk-cairo --with-java-home=/usr/lib/jvm/java-1.5.0-gcj-6-amd64/jre --enable-java-home --with-jvm-root-dir=/usr/lib/jvm/java-1.5.0-gcj-6-amd64 --with-jvm-jar-dir=/usr/lib/jvm-exports/java-1.5.0-gcj-6-amd64 --with-arch-directory=amd64 --with-ecj-jar=/usr/share/java/eclipse-ecj.jar --with-target-system-zlib --enable-objc-gc=auto --enable-multiarch --with-arch-32=i686 --with-abi=m64 --with-multilib-list=m32,m64,mx32 --enable-multilib --with-tune=generic --enable-checking=release --build=x86_64-linux-gnu --host=x86_64-linux-gnu --target=x86_64-linux-gnu
Thread model: posix
gcc version 6.3.0 20170516 (Debian 6.3.0-18) 
configure:3947: $? = 0
configure:3936: gcc -V >&5
gcc: error: unrecognized command line option '-V'
gcc: fatal error: no input files
compilation terminated.
configure:3947: $? = 1
configure:3936: gcc -qversion >&5
gcc: error: unrecognized command line option '-qversion'; did you mean '--version'?
gcc: fatal error: no input files
compilation terminated.
configure:3947: $? = 1
configure:3951: checking whether we are using the GNU C compiler
configure:3970: gcc -c   conftest.c >&5
configure:3970: $? = 0
configure:3979: result: yes
configure:3988: checking whether gcc accepts -g
configure:4008: gcc -c -g  conftest.c >&5
configure:4008: $? = 0
configure:4049: result: yes
configure:4066: checking for gcc option to accept ISO C89
configure:4129: gcc  -c -g -O2  conftest.c >&5
configure:4129: $? = 0
configure:4142: result: none needed
configure:4167: checking whether gcc understands -c and -o together
configure:4189: gcc -c conftest.c -o conftest2.o
configure:4192: $? = 0
configure:4189: gcc -c conftest.c -o conftest2.o
configure:4192: $? = 0
configure:4204: result: yes
configure:4223: checking dependency style of gcc
configure:4334: result: gcc3
configure:4353: checking for SDL_Init in -lSDL2
configure:4378: gcc -o conftest -g -O2   conftest.c -lSDL2   >&5
configure:4378: $? = 0
configure:4387: result: yes
configure:4399: checking for IMG_Init in -lSDL2_image
configure:4424: gcc -o conftest -g -O2   conftest.c -lSDL2_image  -lSDL2  >&5
configure:4424: $? = 0
configure:4433: result: yes
configure:4445: checking for main in -lSDL2_mixer
configure:4464: gcc -o conftest -g -O2   conftest.c -lSDL2_mixer  -lSDL2_image -lSDL2  >&5
configure:4464: $? = 0
configure:4473: result: yes
configure:4485: checking for TTF_Init in -lSDL2_ttf
configure:4510: gcc -o conftest -g -O2   conftest.c -lSDL2_ttf  -lSDL2_mixer -lSDL2_image -lSDL2  >&5
configure:4510: $? = 0
configure:4519: result: yes
configure:4537: checking how to run the C preprocessor
configure:4568: gcc -E  conftest.c
configure:4568: $? = 0
configure:4582: gcc -E  conftest.c
conftest.c:15:28: fatal error: ac_nonexistent.h: No such file or directory
 #include <ac_nonexistent.h>
                            ^
compilation terminated.
configure:4582: $? = 1
configure: failed program was:
| /* confdefs.h */
| #define PACKAGE_NAME "SpaceAttack"
| #define PACKAGE_TARNAME "spaceattack"
| #define PACKAGE_VERSION "2.0"
| #define PACKAGE_STRING "SpaceAttack 2.0"
| #define PACKAGE_BUGREPORT "aidenpw@hotmail.com"
| #define PACKAGE_URL ""
| #define PACKAGE "spaceattack"
| #define VERSION "2.0"
| #define HAVE_LIBSDL2 1
| #define HAVE_LIBSDL2_IMAGE 1
| #define HAVE_LIBSDL2_MIXER 1
| #define HAVE_LIBSDL2_TTF 1
| /* end confdefs.h.  */
| #include <ac_nonexistent.h>
configure:4607: result: gcc -E
configure:4627: gcc -E  conftest.c
configure:4627: $? = 0
configure:4641: gcc -E  conftest.c
conftest.c:15:28: fatal error: ac_nonexistent.h: No such file or directory
 #include <ac_nonexistent.h>
                            ^
compilation terminated.
configure:4641: $? = 1
configure: failed program was:
| /* confdefs.h */
| #define PACKAGE_NAME "SpaceAttack"
| #define PACKAGE_TARNAME "spaceattack"
| #define PACKAGE_VERSION "2.0"
| #define PACKAGE_STRING "SpaceAttack 2.0"
| #define PACKAGE_BUGREPORT "aidenpw@hotmail.com"
| #define PACKAGE_URL ""
| #define PACKAGE "spaceattack"
| #define VERSION "2.0"
| #define HAVE_LIBSDL2 1
| #define HAVE_LIBSDL2_IMAGE 1
| #define HAVE_LIBSDL2_MIXER 1
| #define HAVE_LIBSDL2_TTF 1
| /* end confdefs.h.  */
| #include <ac_nonexistent.h>
configure:4670: checking for grep that handles long lines and -e
configure:4728: result: /bin/grep
configure:4733: checking for egrep
configure:4795: result: /bin/grep -E
configure:4800: checking for ANSI C header files
configure:4820: gcc -c -g -O2  conftest.c >&5
configure:4820: $? = 0
configure:4893: gcc -o conftest -g -O2   conftest.c -lSDL2_ttf -lSDL2_mixer -lSDL2_image -lSDL2  >&5
configure:4893: $? = 0
configure:4893: ./conftest
configure:4893: $? = 0
configure:4904: result: yes
configure:4917: checking for sys/types.h
configure:4917: gcc -c -g -O2  conftest.c >&5
configure:4917: $? = 0
configure:4917: result: yes
configure:4917: checking for sys/stat.h
configure:4917: gcc -c -g -O2  conftest.c >&5
configure:4917: $? = 0
configure:4917: result: yes
configure:4917: checking for stdlib.h
configure:4917: gcc -c -g -O2  conftest.c >&5
configure:4917: $? = 0
configure:4917: result: yes
configure:4917: checking for string.h
configure:4917: gcc -c -g -O2  conftest.c >&5
configure:4917: $? = 0
configure:4917: result: yes
configure:4917: checking for memory.h
configure:4917: gcc -c -g -O2  conftest.c >&5
configure:4917: $? = 0
configure:4917: result: yes
configure:4917: checking for strings.h
configure:4917: gcc -c -g -O2  conftest.c >&5
configure:4917: $? = 0
configure:4917: result: yes
configure:4917: checking for inttypes.h
configure:4917: gcc -c -g -O2  conftest.c >&5
configure:4917: $? = 0
configure:4917: result: yes
configure:4917: checking for stdint.h
configure:4917: gcc -c -g -O2  conftest.c >&5
configure:4917: $? = 0
configure:4917: result: yes
configure:4917: checking for unistd.h
configure:4917: gcc -c -g -O2  conftest.c >&5
configure:4917: $? = 0
configure:4917: result: yes
configure:4932: checking for stdlib.h
configure:4932: result: yes
configure:4932: checking for string.h
configure:4932: result: yes
configure:4944: checking for stdbool.h that conforms to C99
configure:5011: gcc -c -g -O2  conftest.c >&5
configure:5011: $? = 0
configure:5018: result: yes
configure:5020: checking for _Bool
configure:5020: gcc -c -g -O2  conftest.c >&5
configure:5020: $? = 0
configure:5020: gcc -c -g -O2  conftest.c >&5
conftest.c: In function 'main':
conftest.c:63:20: error: expected expression before ')' token
 if (sizeof ((_Bool)))
                    ^
configure:5020: $? = 1
configure: failed program was:
| /* confdefs.h */
| #define PACKAGE_NAME "SpaceAttack"
| #define PACKAGE_TARNAME "spaceattack"
| #define PACKAGE_VERSION "2.0"
| #define PACKAGE_STRING "SpaceAttack 2.0"
| #define PACKAGE_BUGREPORT "aidenpw@hotmail.com"
| #define PACKAGE_URL ""
| #define PACKAGE "spaceattack"
| #define VERSION "2.0"
| #define HAVE_LIBSDL2 1
| #define HAVE_LIBSDL2_IMAGE 1
| #define HAVE_LIBSDL2_MIXER 1
| #define HAVE_LIBSDL2_TTF 1
| #define STDC_HEADERS 1
| #define HAVE_SYS_TYPES_H 1
| #define HAVE_SYS_STAT_H 1
| #define HAVE_STDLIB_H 1
| #define HAVE_STRING_H 1
| #define HAVE_MEMORY_H 1
| #define HAVE_STRINGS_H 1
| #define HAVE_INTTYPES_H 1
| #define HAVE_STDINT_H 1
| #define HAVE_UNISTD_H 1
| #define HAVE_STDLIB_H 1
| #define HAVE_STRING_H 1
| /* end confdefs.h.  */
| #include <stdio.h>
| #ifdef HAVE_SYS_TYPES_H
| # include <sys/types.h>
| #endif
| #ifdef HAVE_SYS_STAT_H
| # include <sys/stat.h>
| #endif
| #ifdef STDC_HEADERS
| # include <stdlib.h>
| # include <stddef.h>
| #else
| # ifdef HAVE_STDLIB_H
| #  include <stdlib.h>
| # endif
| #endif
| #ifdef HAVE_STRING_H
| # if !defined STDC_HEADERS && defined HAVE_MEMORY_H
| #  include <memory.h>
| # endif
| # include <string.h>
| #endif
| #ifdef HAVE_STRINGS_H
| # include <strings.h>
| #endif
| #ifdef HAVE_INTTYPES_H
| # include <inttypes.h>
| #endif
| #ifdef HAVE_STDINT_H
| # include <stdint.h>
| #endif
| #ifdef HAVE_UNISTD_H
| # include <unistd.h>
| #endif
| int
| main ()
| {
| if (sizeof ((_Bool)))
| 	    return 0;
|   ;
|   return 0;
| }
configure:5020: result: yes
configure:5031: checking for inline
configure:5047: gcc -c -g -O2  conftest.c >&5
configure:5047: $? = 0
configure:5055: result: inline
configure:5073: checking for uint8_t
configure:5073: gcc -c -g -O2  conftest.c >&5
configure:5073: $? = 0
configure:5073: result: yes
configure:5091: checking for stdlib.h
configure:5091: result: yes
configure:5101: checking for GNU libc compatible malloc
configure:5125: gcc -o conftest -g -O2   conftest.c -lSDL2_ttf -lSDL2_mixer -lSDL2_image -lSDL2  >&5
configure:5125: $? = 0
configure:5125: ./conftest
configure:5125: $? = 0
configure:5135: result: yes
configure:5158: checking for strtol
configure:5158: gcc -o conftest -g -O2   conftest.c -lSDL2_ttf -lSDL2_mixer -lSDL2_image -lSDL2  >&5
configure:5158: $? = 0
configure:5158: result: yes
configure:5279: checking that generated files are newer than configure
configure:5285: result: done
configure:5312: creating ./config.status

## ---------------------- ##
## Running config.status. ##
## ---------------------- ##

This file was extended by SpaceAttack config.status 2.0, which was
generated by GNU Autoconf 2.69.  Invocation command line was

  CONFIG_FILES    = 
  CONFIG_HEADERS  = 
  CONFIG_LINKS    = 
  CONFIG_COMMANDS = 
  $ ./config.status 

on teneco

config.status:869: creating Makefile
config.status:869: creating config.h
config.status:1050: config.h is unchanged
config.status:1098: executing depfiles commands

## ---------------- ##
## Cache variables. ##
## ---------------- ##

ac_cv_c_compiler_gnu=yes
ac_cv_c_inline=inline
ac_cv_c_uint8_t=yes
ac_cv_cxx_compiler_gnu=yes
ac_cv_env_CCC_set=
ac_cv_env_CCC_value=
ac_cv_env_CC_set=
ac_cv_env_CC_value=
ac_cv_env_CFLAGS_set=
ac_cv_env_CFLAGS_value=
ac_cv_env_CPPFLAGS_set=
ac_cv_env_CPPFLAGS_value=
ac_cv_env_CPP_set=
ac_cv_env_CPP_value=
ac_cv_env_CXXFLAGS_set=
ac_cv_env_CXXFLAGS_value=
ac_cv_env_CXX_set=
ac_cv_env_CXX_value=
ac_cv_env_LDFLAGS_set=
ac_cv_env_LDFLAGS_value=
ac_cv_env_LIBS_set=
ac_cv_env_LIBS_value=
ac_cv_env_build_alias_set=
ac_cv_env_build_alias_value=
ac_cv_env_host_alias_set=
ac_cv_env_host_alias_value=
ac_cv_env_target_alias_set=
ac_cv_env_target_alias_value=
ac_cv_func_malloc_0_nonnull=yes
ac_cv_func_strtol=yes
ac_cv_header_inttypes_h=yes
ac_cv_header_memory_h=yes
ac_cv_header_stdbool_h=yes
ac_cv_header_stdc=yes
ac_cv_header_stdint_h=yes
ac_cv_header_stdlib_h=yes
ac_cv_header_string_h=yes
ac_cv_header_strings_h=yes
ac_cv_header_sys_stat_h=yes
ac_cv_header_sys_types_h=yes
ac_cv_header_unistd_h=yes
ac_cv_lib_SDL2_SDL_Init=yes
ac_cv_lib_SDL2_image_IMG_Init=yes
ac_cv_lib_SDL2_mixer_main=yes
ac_cv_lib_SDL2_ttf_TTF_Init=yes
ac_cv_objext=o
ac_cv_path_EGREP='/bin/grep -E'
ac_cv_path_GREP=/bin/grep
ac_cv_path_install='/usr/bin/install -c'
ac_cv_path_mkdir=/bin/mkdir
ac_cv_prog_AWK=gawk
ac_cv_prog_CPP='gcc -E'
ac_cv_prog_ac_ct_CC=gcc
ac_cv_prog_ac_ct_CXX=g++
ac_cv_prog_cc_c89=
ac_cv_prog_cc_g=yes
ac_cv_prog_cxx_g=yes
ac_cv_prog_make_make_set=yes
ac_cv_type__Bool=yes
am_cv_CC_dependencies_compiler_type=gcc3
am_cv_CXX_dependencies_compiler_type=gcc3
am_cv_make_support_nested_variables=yes
am_cv_prog_cc_c_o=yes

## ----------------- ##
## Output variables. ##
## ----------------- ##

ACLOCAL='${SHELL} /home/bobpaw/spaceattack/missing aclocal-1.15'
AMDEPBACKSLASH='\'
AMDEP_FALSE='#'
AMDEP_TRUE=''
AMTAR='$${TAR-tar}'
AM_BACKSLASH='\'
AM_DEFAULT_V='$(AM_DEFAULT_VERBOSITY)'
AM_DEFAULT_VERBOSITY='1'
AM_V='$(V)'
AUTOCONF='${SHELL} /home/bobpaw/spaceattack/missing autoconf'
AUTOHEADER='${SHELL} /home/bobpaw/spaceattack/missing autoheader'
AUTOMAKE='${SHELL} /home/bobpaw/spaceattack/missing automake-1.15'
AWK='gawk'
CC='gcc'
CCDEPMODE='depmode=gcc3'
CFLAGS='-g -O2'
CPP='gcc -E'
CPPFLAGS=''
CXX='g++'
CXXDEPMODE='depmode=gcc3'
CXXFLAGS='-g -O2'
CYGPATH_W='echo'
DEFS='-DHAVE_CONFIG_H'
DEPDIR='.deps'
ECHO_C=''
ECHO_N='-n'
ECHO_T=''
EGREP='/bin/grep -E'
EXEEXT=''
GREP='/bin/grep'
INSTALL_DATA='${INSTALL} -m 644'
INSTALL_PROGRAM='${INSTALL}'
INSTALL_SCRIPT='${INSTALL}'
INSTALL_STRIP_PROGRAM='$(install_sh) -c -s'
LDFLAGS=''
LIBOBJS=''
LIBS='-lSDL2_ttf -lSDL2_mixer -lSDL2_image -lSDL2 '
LTLIBOBJS=''
MAKEINFO='${SHELL} /home/bobpaw/spaceattack/missing makeinfo'
MKDIR_P='/bin/mkdir -p'
OBJEXT='o'
PACKAGE='spaceattack'
PACKAGE_BUGREPORT='aidenpw@hotmail.com'
PACKAGE_NAME='SpaceAttack'
PACKAGE_STRING='SpaceAttack 2.0'
PACKAGE_TARNAME='spaceattack'
PACKAGE_URL=''
PACKAGE_VERSION='2.0'
PATH_SEPARATOR=':'
SET_MAKE=''
SHELL='/bin/bash'
STRIP=''
VERSION='2.0'
ac_ct_CC='gcc'
ac_ct_CXX='g++'
am__EXEEXT_FALSE=''
am__EXEEXT_TRUE='#'
am__fastdepCC_FALSE='#'
am__fastdepCC_TRUE=''
am__fastdepCXX_FALSE='#'
am__fastdepCXX_TRUE=''
am__include='include'
am__isrc=''
am__leading_dot='.'
am__nodep='_no'
am__quote=''
am__tar='$${TAR-tar} chof - "$$tardir"'
am__untar='$${TAR-tar} xf -'
bindir='${exec_prefix}/bin'
build_alias=''
datadir='${datarootdir}'
datarootdir='${prefix}/share'
docdir='${datarootdir}/doc/${PACKAGE_TARNAME}'
dvidir='${docdir}'
exec_prefix='${prefix}'
host_alias=''
htmldir='${docdir}'
includedir='${prefix}/include'
infodir='${datarootdir}/info'
install_sh='${SHELL} /home/bobpaw/spaceattack/install-sh'
libdir='${exec_prefix}/lib'
libexecdir='${exec_prefix}/libexec'
localedir='${datarootdir}/locale'
localstatedir='${prefix}/var'
mandir='${datarootdir}/man'
mkdir_p='$(MKDIR_P)'
oldincludedir='/usr/include'
pdfdir='${docdir}'
prefix='/usr/local'
program_transform_name='s,x,x,'
psdir='${docdir}'
runstatedir='${localstatedir}/run'
sbindir='${exec_prefix}/sbin'
sharedstatedir='${prefix}/com'
sysconfdir='${prefix}/etc'
target_alias=''

## ----------- ##
## confdefs.h. ##
## ----------- ##

/* confdefs.h */
#define PACKAGE_NAME "SpaceAttack"
#define PACKAGE_TARNAME "spaceattack"
#define PACKAGE_VERSION "2.0"
#define PACKAGE_STRING "SpaceAttack 2.0"
#define PACKAGE_BUGREPORT "aidenpw@hotmail.com"
#define PACKAGE_URL ""
#define PACKAGE "spaceattack"
#define VERSION "2.0"
#define HAVE_LIBSDL2 1
#define HAVE_LIBSDL2_IMAGE 1
#define HAVE_LIBSDL2_MIXER 1
#define HAVE_LIBSDL2_TTF 1
#define STDC_HEADERS 1
#define HAVE_SYS_TYPES_H 1
#define HAVE_SYS_STAT_H 1
#define HAVE_STDLIB_H 1
#define HAVE_STRING_H 1
#define HAVE_MEMORY_H 1
#define HAVE_STRINGS_H 1
#define HAVE_INTTYPES_H 1
#define HAVE_STDINT_H 1
#define HAVE_UNISTD_H 1
#define HAVE_STDLIB_H 1
#define HAVE_STRING_H 1
#define HAVE__BOOL 1
#define HAVE_STDLIB_H 1
#define HAVE_MALLOC 1
#define HAVE_STRTOL 1

configure: exit 0

## ---------------------- ##
## Running config.status. ##
## ---------------------- ##

This file was extended by SpaceAttack config.status 2.0, which was
generated by GNU Autoconf 2.69.  Invocation command line was

  CONFIG_FILES    = 
  CONFIG_HEADERS  = 
  CONFIG_LINKS    = 
  CONFIG_COMMANDS = 
  $ ./config.status config.h

on teneco

config.status:869: creating config.h
config.status:1050: config.h is unchanged

## ---------------------- ##
## Running config.status. ##
## ---------------------- ##

This file was extended by SpaceAttack config.status 2.0, which was
generated by GNU Autoconf 2.69.  Invocation command line was

  CONFIG_FILES    = 
  CONFIG_HEADERS  = 
  CONFIG_LINKS    = 
  CONFIG_COMMANDS = 
  $ ./config.status 

on teneco

config.status:869: creating Makefile
config.status:869: creating config.h
config.status:1050: config.h is unchanged
config.status:1098: executing depfiles commands
