This file contains any messages produced by compilers while
running configure, to aid debugging if configure makes a mistake.

It was created by SpaceAttack configure 1.0, which was
generated by GNU Autoconf 2.69.  Invocation command line was

  $ ./configure 

## --------- ##
## Platform. ##
## --------- ##

hostname = thebrick
uname -m = x86_64
uname -r = 4.9.0-3-amd64
uname -s = Linux
uname -v = #1 SMP Debian 4.9.30-2+deb9u2 (2017-06-26)

/usr/bin/uname -p = unknown
/bin/uname -X     = unknown

/bin/arch              = unknown
/usr/bin/arch -k       = unknown
/usr/convex/getsysinfo = unknown
/usr/bin/hostinfo      = unknown
/bin/machine           = unknown
/usr/bin/oslevel       = unknown
/bin/universe          = unknown

PATH: /usr/local/bin
PATH: /usr/bin
PATH: /bin
PATH: /usr/local/games
PATH: /usr/games


## ----------- ##
## Core tests. ##
## ----------- ##

configure:2280: checking for gcc
configure:2296: found /usr/bin/gcc
configure:2307: result: gcc
configure:2536: checking for C compiler version
configure:2545: gcc --version >&5
gcc (Debian 6.3.0-18) 6.3.0 20170516
Copyright (C) 2016 Free Software Foundation, Inc.
This is free software; see the source for copying conditions.  There is NO
warranty; not even for MERCHANTABILITY or FITNESS FOR A PARTICULAR PURPOSE.

configure:2556: $? = 0
configure:2545: gcc -v >&5
Using built-in specs.
COLLECT_GCC=gcc
COLLECT_LTO_WRAPPER=/usr/lib/gcc/x86_64-linux-gnu/6/lto-wrapper
Target: x86_64-linux-gnu
Configured with: ../src/configure -v --with-pkgversion='Debian 6.3.0-18' --with-bugurl=file:///usr/share/doc/gcc-6/README.Bugs --enable-languages=c,ada,c++,java,go,d,fortran,objc,obj-c++ --prefix=/usr --program-suffix=-6 --program-prefix=x86_64-linux-gnu- --enable-shared --enable-linker-build-id --libexecdir=/usr/lib --without-included-gettext --enable-threads=posix --libdir=/usr/lib --enable-nls --with-sysroot=/ --enable-clocale=gnu --enable-libstdcxx-debug --enable-libstdcxx-time=yes --with-default-libstdcxx-abi=new --enable-gnu-unique-object --disable-vtable-verify --enable-libmpx --enable-plugin --enable-default-pie --with-system-zlib --disable-browser-plugin --enable-java-awt=gtk --enable-gtk-cairo --with-java-home=/usr/lib/jvm/java-1.5.0-gcj-6-amd64/jre --enable-java-home --with-jvm-root-dir=/usr/lib/jvm/java-1.5.0-gcj-6-amd64 --with-jvm-jar-dir=/usr/lib/jvm-exports/java-1.5.0-gcj-6-amd64 --with-arch-directory=amd64 --with-ecj-jar=/usr/share/java/eclipse-ecj.jar --with-target-system-zlib --enable-objc-gc=auto --enable-multiarch --with-arch-32=i686 --with-abi=m64 --with-multilib-list=m32,m64,mx32 --enable-multilib --with-tune=generic --enable-checking=release --build=x86_64-linux-gnu --host=x86_64-linux-gnu --target=x86_64-linux-gnu
Thread model: posix
gcc version 6.3.0 20170516 (Debian 6.3.0-18) 
configure:2556: $? = 0
configure:2545: gcc -V >&5
gcc: error: unrecognized command line option '-V'
gcc: fatal error: no input files
compilation terminated.
configure:2556: $? = 1
configure:2545: gcc -qversion >&5
gcc: error: unrecognized command line option '-qversion'; did you mean '--version'?
gcc: fatal error: no input files
compilation terminated.
configure:2556: $? = 1
configure:2576: checking whether the C compiler works
configure:2598: gcc    conftest.c  >&5
configure:2602: $? = 0
configure:2650: result: yes
configure:2653: checking for C compiler default output file name
configure:2655: result: a.out
configure:2661: checking for suffix of executables
configure:2668: gcc -o conftest    conftest.c  >&5
configure:2672: $? = 0
configure:2694: result: 
configure:2716: checking whether we are cross compiling
configure:2724: gcc -o conftest    conftest.c  >&5
configure:2728: $? = 0
configure:2735: ./conftest
configure:2739: $? = 0
configure:2754: result: no
configure:2759: checking for suffix of object files
configure:2781: gcc -c   conftest.c >&5
configure:2785: $? = 0
configure:2806: result: o
configure:2810: checking whether we are using the GNU C compiler
configure:2829: gcc -c   conftest.c >&5
configure:2829: $? = 0
configure:2838: result: yes
configure:2847: checking whether gcc accepts -g
configure:2867: gcc -c -g  conftest.c >&5
configure:2867: $? = 0
configure:2908: result: yes
configure:2925: checking for gcc option to accept ISO C89
configure:2988: gcc  -c -g -O2  conftest.c >&5
configure:2988: $? = 0
configure:3001: result: none needed
configure:3026: checking whether gcc understands -c and -o together
configure:3048: gcc -c conftest.c -o conftest2.o
configure:3051: $? = 0
configure:3048: gcc -c conftest.c -o conftest2.o
configure:3051: $? = 0
configure:3063: result: yes
configure:3086: checking how to run the C preprocessor
configure:3117: gcc -E  conftest.c
configure:3117: $? = 0
configure:3131: gcc -E  conftest.c
conftest.c:9:28: fatal error: ac_nonexistent.h: No such file or directory
 #include <ac_nonexistent.h>
                            ^
compilation terminated.
configure:3131: $? = 1
configure: failed program was:
| /* confdefs.h */
| #define PACKAGE_NAME "SpaceAttack"
| #define PACKAGE_TARNAME "spaceattack"
| #define PACKAGE_VERSION "1.0"
| #define PACKAGE_STRING "SpaceAttack 1.0"
| #define PACKAGE_BUGREPORT "aidenpw@hotmail.com"
| #define PACKAGE_URL ""
| /* end confdefs.h.  */
| #include <ac_nonexistent.h>
configure:3156: result: gcc -E
configure:3176: gcc -E  conftest.c
configure:3176: $? = 0
configure:3190: gcc -E  conftest.c
conftest.c:9:28: fatal error: ac_nonexistent.h: No such file or directory
 #include <ac_nonexistent.h>
                            ^
compilation terminated.
configure:3190: $? = 1
configure: failed program was:
| /* confdefs.h */
| #define PACKAGE_NAME "SpaceAttack"
| #define PACKAGE_TARNAME "spaceattack"
| #define PACKAGE_VERSION "1.0"
| #define PACKAGE_STRING "SpaceAttack 1.0"
| #define PACKAGE_BUGREPORT "aidenpw@hotmail.com"
| #define PACKAGE_URL ""
| /* end confdefs.h.  */
| #include <ac_nonexistent.h>
configure:3219: checking for grep that handles long lines and -e
configure:3277: result: /bin/grep
configure:3282: checking for egrep
configure:3344: result: /bin/grep -E
configure:3349: checking for ANSI C header files
configure:3369: gcc -c -g -O2  conftest.c >&5
configure:3369: $? = 0
configure:3442: gcc -o conftest -g -O2   conftest.c  >&5
configure:3442: $? = 0
configure:3442: ./conftest
configure:3442: $? = 0
configure:3453: result: yes
configure:3466: checking for sys/types.h
configure:3466: gcc -c -g -O2  conftest.c >&5
configure:3466: $? = 0
configure:3466: result: yes
configure:3466: checking for sys/stat.h
configure:3466: gcc -c -g -O2  conftest.c >&5
configure:3466: $? = 0
configure:3466: result: yes
configure:3466: checking for stdlib.h
configure:3466: gcc -c -g -O2  conftest.c >&5
configure:3466: $? = 0
configure:3466: result: yes
configure:3466: checking for string.h
configure:3466: gcc -c -g -O2  conftest.c >&5
configure:3466: $? = 0
configure:3466: result: yes
configure:3466: checking for memory.h
configure:3466: gcc -c -g -O2  conftest.c >&5
configure:3466: $? = 0
configure:3466: result: yes
configure:3466: checking for strings.h
configure:3466: gcc -c -g -O2  conftest.c >&5
configure:3466: $? = 0
configure:3466: result: yes
configure:3466: checking for inttypes.h
configure:3466: gcc -c -g -O2  conftest.c >&5
configure:3466: $? = 0
configure:3466: result: yes
configure:3466: checking for stdint.h
configure:3466: gcc -c -g -O2  conftest.c >&5
configure:3466: $? = 0
configure:3466: result: yes
configure:3466: checking for unistd.h
configure:3466: gcc -c -g -O2  conftest.c >&5
configure:3466: $? = 0
configure:3466: result: yes
configure:3480: checking for stdlib.h
configure:3480: result: yes
configure:3490: checking for stdbool.h that conforms to C99
configure:3557: gcc -c -g -O2  conftest.c >&5
configure:3557: $? = 0
configure:3564: result: yes
configure:3566: checking for _Bool
configure:3566: gcc -c -g -O2  conftest.c >&5
configure:3566: $? = 0
configure:3566: gcc -c -g -O2  conftest.c >&5
conftest.c: In function 'main':
conftest.c:56:20: error: expected expression before ')' token
 if (sizeof ((_Bool)))
                    ^
configure:3566: $? = 1
configure: failed program was:
| /* confdefs.h */
| #define PACKAGE_NAME "SpaceAttack"
| #define PACKAGE_TARNAME "spaceattack"
| #define PACKAGE_VERSION "1.0"
| #define PACKAGE_STRING "SpaceAttack 1.0"
| #define PACKAGE_BUGREPORT "aidenpw@hotmail.com"
| #define PACKAGE_URL ""
| #define STDC_HEADERS 1
| #define HAVE_SYS_TYPES_H 1
| #define HAVE_SYS_STAT_H 1
| #define HAVE_STDLIB_H 1
| #define HAVE_STRING_H 1
| #define HAVE_MEMORY_H 1
| #define HAVE_STRINGS_H 1
| #define HAVE_INTTYPES_H 1
| #define HAVE_STDINT_H 1
| #define HAVE_UNISTD_H 1
| #define HAVE_STDLIB_H 1
| /* end confdefs.h.  */
| #include <stdio.h>
| #ifdef HAVE_SYS_TYPES_H
| # include <sys/types.h>
| #endif
| #ifdef HAVE_SYS_STAT_H
| # include <sys/stat.h>
| #endif
| #ifdef STDC_HEADERS
| # include <stdlib.h>
| # include <stddef.h>
| #else
| # ifdef HAVE_STDLIB_H
| #  include <stdlib.h>
| # endif
| #endif
| #ifdef HAVE_STRING_H
| # if !defined STDC_HEADERS && defined HAVE_MEMORY_H
| #  include <memory.h>
| # endif
| # include <string.h>
| #endif
| #ifdef HAVE_STRINGS_H
| # include <strings.h>
| #endif
| #ifdef HAVE_INTTYPES_H
| # include <inttypes.h>
| #endif
| #ifdef HAVE_STDINT_H
| # include <stdint.h>
| #endif
| #ifdef HAVE_UNISTD_H
| # include <unistd.h>
| #endif
| int
| main ()
| {
| if (sizeof ((_Bool)))
| 	    return 0;
|   ;
|   return 0;
| }
configure:3566: result: yes
configure:3577: checking for uint8_t
configure:3577: gcc -c -g -O2  conftest.c >&5
configure:3577: $? = 0
configure:3577: result: yes
configure:3591: checking for inline
configure:3607: gcc -c -g -O2  conftest.c >&5
configure:3607: $? = 0
configure:3615: result: inline
configure:3649: checking for a BSD-compatible install
configure:3717: result: /usr/bin/install -c
configure:3728: checking whether build environment is sane
configure:3783: result: yes
configure:3931: checking for a thread-safe mkdir -p
configure:3970: result: /bin/mkdir -p
configure:3977: checking for gawk
configure:4007: result: no
configure:3977: checking for mawk
configure:3993: found /usr/bin/mawk
configure:4004: result: mawk
configure:4015: checking whether make sets $(MAKE)
configure:4037: result: yes
configure:4067: checking for style of include used by make
configure:4095: result: GNU
configure:4129: checking whether make supports nested variables
configure:4146: result: yes
configure:4231: checking dependency style of gcc
configure:4342: result: gcc3
configure:4448: checking for gcc
configure:4475: result: gcc
configure:4704: checking for C compiler version
configure:4713: gcc --version >&5
gcc (Debian 6.3.0-18) 6.3.0 20170516
Copyright (C) 2016 Free Software Foundation, Inc.
This is free software; see the source for copying conditions.  There is NO
warranty; not even for MERCHANTABILITY or FITNESS FOR A PARTICULAR PURPOSE.

configure:4724: $? = 0
configure:4713: gcc -v >&5
Using built-in specs.
COLLECT_GCC=gcc
COLLECT_LTO_WRAPPER=/usr/lib/gcc/x86_64-linux-gnu/6/lto-wrapper
Target: x86_64-linux-gnu
Configured with: ../src/configure -v --with-pkgversion='Debian 6.3.0-18' --with-bugurl=file:///usr/share/doc/gcc-6/README.Bugs --enable-languages=c,ada,c++,java,go,d,fortran,objc,obj-c++ --prefix=/usr --program-suffix=-6 --program-prefix=x86_64-linux-gnu- --enable-shared --enable-linker-build-id --libexecdir=/usr/lib --without-included-gettext --enable-threads=posix --libdir=/usr/lib --enable-nls --with-sysroot=/ --enable-clocale=gnu --enable-libstdcxx-debug --enable-libstdcxx-time=yes --with-default-libstdcxx-abi=new --enable-gnu-unique-object --disable-vtable-verify --enable-libmpx --enable-plugin --enable-default-pie --with-system-zlib --disable-browser-plugin --enable-java-awt=gtk --enable-gtk-cairo --with-java-home=/usr/lib/jvm/java-1.5.0-gcj-6-amd64/jre --enable-java-home --with-jvm-root-dir=/usr/lib/jvm/java-1.5.0-gcj-6-amd64 --with-jvm-jar-dir=/usr/lib/jvm-exports/java-1.5.0-gcj-6-amd64 --with-arch-directory=amd64 --with-ecj-jar=/usr/share/java/eclipse-ecj.jar --with-target-system-zlib --enable-objc-gc=auto --enable-multiarch --with-arch-32=i686 --with-abi=m64 --with-multilib-list=m32,m64,mx32 --enable-multilib --with-tune=generic --enable-checking=release --build=x86_64-linux-gnu --host=x86_64-linux-gnu --target=x86_64-linux-gnu
Thread model: posix
gcc version 6.3.0 20170516 (Debian 6.3.0-18) 
configure:4724: $? = 0
configure:4713: gcc -V >&5
gcc: error: unrecognized command line option '-V'
gcc: fatal error: no input files
compilation terminated.
configure:4724: $? = 1
configure:4713: gcc -qversion >&5
gcc: error: unrecognized command line option '-qversion'; did you mean '--version'?
gcc: fatal error: no input files
compilation terminated.
configure:4724: $? = 1
configure:4728: checking whether we are using the GNU C compiler
configure:4756: result: yes
configure:4765: checking whether gcc accepts -g
configure:4826: result: yes
configure:4843: checking for gcc option to accept ISO C89
configure:4919: result: none needed
configure:4944: checking whether gcc understands -c and -o together
configure:4981: result: yes
configure:5056: checking for g++
configure:5072: found /usr/bin/g++
configure:5083: result: g++
configure:5110: checking for C++ compiler version
configure:5119: g++ --version >&5
g++ (Debian 6.3.0-18) 6.3.0 20170516
Copyright (C) 2016 Free Software Foundation, Inc.
This is free software; see the source for copying conditions.  There is NO
warranty; not even for MERCHANTABILITY or FITNESS FOR A PARTICULAR PURPOSE.

configure:5130: $? = 0
configure:5119: g++ -v >&5
Using built-in specs.
COLLECT_GCC=g++
COLLECT_LTO_WRAPPER=/usr/lib/gcc/x86_64-linux-gnu/6/lto-wrapper
Target: x86_64-linux-gnu
Configured with: ../src/configure -v --with-pkgversion='Debian 6.3.0-18' --with-bugurl=file:///usr/share/doc/gcc-6/README.Bugs --enable-languages=c,ada,c++,java,go,d,fortran,objc,obj-c++ --prefix=/usr --program-suffix=-6 --program-prefix=x86_64-linux-gnu- --enable-shared --enable-linker-build-id --libexecdir=/usr/lib --without-included-gettext --enable-threads=posix --libdir=/usr/lib --enable-nls --with-sysroot=/ --enable-clocale=gnu --enable-libstdcxx-debug --enable-libstdcxx-time=yes --with-default-libstdcxx-abi=new --enable-gnu-unique-object --disable-vtable-verify --enable-libmpx --enable-plugin --enable-default-pie --with-system-zlib --disable-browser-plugin --enable-java-awt=gtk --enable-gtk-cairo --with-java-home=/usr/lib/jvm/java-1.5.0-gcj-6-amd64/jre --enable-java-home --with-jvm-root-dir=/usr/lib/jvm/java-1.5.0-gcj-6-amd64 --with-jvm-jar-dir=/usr/lib/jvm-exports/java-1.5.0-gcj-6-amd64 --with-arch-directory=amd64 --with-ecj-jar=/usr/share/java/eclipse-ecj.jar --with-target-system-zlib --enable-objc-gc=auto --enable-multiarch --with-arch-32=i686 --with-abi=m64 --with-multilib-list=m32,m64,mx32 --enable-multilib --with-tune=generic --enable-checking=release --build=x86_64-linux-gnu --host=x86_64-linux-gnu --target=x86_64-linux-gnu
Thread model: posix
gcc version 6.3.0 20170516 (Debian 6.3.0-18) 
configure:5130: $? = 0
configure:5119: g++ -V >&5
g++: error: unrecognized command line option '-V'
g++: fatal error: no input files
compilation terminated.
configure:5130: $? = 1
configure:5119: g++ -qversion >&5
g++: error: unrecognized command line option '-qversion'; did you mean '--version'?
g++: fatal error: no input files
compilation terminated.
configure:5130: $? = 1
configure:5134: checking whether we are using the GNU C++ compiler
configure:5153: g++ -c   conftest.cpp >&5
configure:5153: $? = 0
configure:5162: result: yes
configure:5171: checking whether g++ accepts -g
configure:5191: g++ -c -g  conftest.cpp >&5
configure:5191: $? = 0
configure:5232: result: yes
configure:5257: checking dependency style of g++
configure:5368: result: gcc3
configure:5494: checking that generated files are newer than configure
configure:5500: result: done
configure:5527: creating ./config.status

## ---------------------- ##
## Running config.status. ##
## ---------------------- ##

This file was extended by SpaceAttack config.status 1.0, which was
generated by GNU Autoconf 2.69.  Invocation command line was

  CONFIG_FILES    = 
  CONFIG_HEADERS  = 
  CONFIG_LINKS    = 
  CONFIG_COMMANDS = 
  $ ./config.status 

on thebrick

config.status:861: creating Makefile
config.status:861: creating config.h
config.status:1042: config.h is unchanged
config.status:1090: executing depfiles commands

## ---------------- ##
## Cache variables. ##
## ---------------- ##

ac_cv_c_compiler_gnu=yes
ac_cv_c_inline=inline
ac_cv_c_uint8_t=yes
ac_cv_cxx_compiler_gnu=yes
ac_cv_env_CCC_set=
ac_cv_env_CCC_value=
ac_cv_env_CC_set=
ac_cv_env_CC_value=
ac_cv_env_CFLAGS_set=
ac_cv_env_CFLAGS_value=
ac_cv_env_CPPFLAGS_set=
ac_cv_env_CPPFLAGS_value=
ac_cv_env_CPP_set=
ac_cv_env_CPP_value=
ac_cv_env_CXXFLAGS_set=
ac_cv_env_CXXFLAGS_value=
ac_cv_env_CXX_set=
ac_cv_env_CXX_value=
ac_cv_env_LDFLAGS_set=
ac_cv_env_LDFLAGS_value=
ac_cv_env_LIBS_set=
ac_cv_env_LIBS_value=
ac_cv_env_build_alias_set=
ac_cv_env_build_alias_value=
ac_cv_env_host_alias_set=
ac_cv_env_host_alias_value=
ac_cv_env_target_alias_set=
ac_cv_env_target_alias_value=
ac_cv_header_inttypes_h=yes
ac_cv_header_memory_h=yes
ac_cv_header_stdbool_h=yes
ac_cv_header_stdc=yes
ac_cv_header_stdint_h=yes
ac_cv_header_stdlib_h=yes
ac_cv_header_string_h=yes
ac_cv_header_strings_h=yes
ac_cv_header_sys_stat_h=yes
ac_cv_header_sys_types_h=yes
ac_cv_header_unistd_h=yes
ac_cv_objext=o
ac_cv_path_EGREP='/bin/grep -E'
ac_cv_path_GREP=/bin/grep
ac_cv_path_install='/usr/bin/install -c'
ac_cv_path_mkdir=/bin/mkdir
ac_cv_prog_AWK=mawk
ac_cv_prog_CPP='gcc -E'
ac_cv_prog_ac_ct_CC=gcc
ac_cv_prog_ac_ct_CXX=g++
ac_cv_prog_cc_c89=
ac_cv_prog_cc_g=yes
ac_cv_prog_cxx_g=yes
ac_cv_prog_make_make_set=yes
ac_cv_type__Bool=yes
am_cv_CC_dependencies_compiler_type=gcc3
am_cv_CXX_dependencies_compiler_type=gcc3
am_cv_make_support_nested_variables=yes
am_cv_prog_cc_c_o=yes

## ----------------- ##
## Output variables. ##
## ----------------- ##

ACLOCAL='${SHELL} /home/bobpaw/spaceattack/trunk/missing aclocal-1.15'
AMDEPBACKSLASH='\'
AMDEP_FALSE='#'
AMDEP_TRUE=''
AMTAR='$${TAR-tar}'
AM_BACKSLASH='\'
AM_DEFAULT_V='$(AM_DEFAULT_VERBOSITY)'
AM_DEFAULT_VERBOSITY='1'
AM_V='$(V)'
AUTOCONF='${SHELL} /home/bobpaw/spaceattack/trunk/missing autoconf'
AUTOHEADER='${SHELL} /home/bobpaw/spaceattack/trunk/missing autoheader'
AUTOMAKE='${SHELL} /home/bobpaw/spaceattack/trunk/missing automake-1.15'
AWK='mawk'
CC='gcc'
CCDEPMODE='depmode=gcc3'
CFLAGS='-g -O2'
CPP='gcc -E'
CPPFLAGS=''
CXX='g++'
CXXDEPMODE='depmode=gcc3'
CXXFLAGS='-g -O2'
CYGPATH_W='echo'
DEFS='-DHAVE_CONFIG_H'
DEPDIR='.deps'
ECHO_C=''
ECHO_N='-n'
ECHO_T=''
EGREP='/bin/grep -E'
EXEEXT=''
GREP='/bin/grep'
INSTALL_DATA='${INSTALL} -m 644'
INSTALL_PROGRAM='${INSTALL}'
INSTALL_SCRIPT='${INSTALL}'
INSTALL_STRIP_PROGRAM='$(install_sh) -c -s'
LDFLAGS=''
LIBOBJS=''
LIBS=''
LTLIBOBJS=''
MAKEINFO='${SHELL} /home/bobpaw/spaceattack/trunk/missing makeinfo'
MKDIR_P='/bin/mkdir -p'
OBJEXT='o'
PACKAGE='spaceattack'
PACKAGE_BUGREPORT='aidenpw@hotmail.com'
PACKAGE_NAME='SpaceAttack'
PACKAGE_STRING='SpaceAttack 1.0'
PACKAGE_TARNAME='spaceattack'
PACKAGE_URL=''
PACKAGE_VERSION='1.0'
PATH_SEPARATOR=':'
SET_MAKE=''
SHELL='/bin/bash'
STRIP=''
VERSION='1.0'
ac_ct_CC='gcc'
ac_ct_CXX='g++'
am__EXEEXT_FALSE=''
am__EXEEXT_TRUE='#'
am__fastdepCC_FALSE='#'
am__fastdepCC_TRUE=''
am__fastdepCXX_FALSE='#'
am__fastdepCXX_TRUE=''
am__include='include'
am__isrc=''
am__leading_dot='.'
am__nodep='_no'
am__quote=''
am__tar='$${TAR-tar} chof - "$$tardir"'
am__untar='$${TAR-tar} xf -'
bindir='${exec_prefix}/bin'
build_alias=''
datadir='${datarootdir}'
datarootdir='${prefix}/share'
docdir='${datarootdir}/doc/${PACKAGE_TARNAME}'
dvidir='${docdir}'
exec_prefix='${prefix}'
host_alias=''
htmldir='${docdir}'
includedir='${prefix}/include'
infodir='${datarootdir}/info'
install_sh='${SHELL} /home/bobpaw/spaceattack/trunk/install-sh'
libdir='${exec_prefix}/lib'
libexecdir='${exec_prefix}/libexec'
localedir='${datarootdir}/locale'
localstatedir='${prefix}/var'
mandir='${datarootdir}/man'
mkdir_p='$(MKDIR_P)'
oldincludedir='/usr/include'
pdfdir='${docdir}'
prefix='/usr/local'
program_transform_name='s,x,x,'
psdir='${docdir}'
runstatedir='${localstatedir}/run'
sbindir='${exec_prefix}/sbin'
sharedstatedir='${prefix}/com'
sysconfdir='${prefix}/etc'
target_alias=''

## ----------- ##
## confdefs.h. ##
## ----------- ##

/* confdefs.h */
#define PACKAGE_NAME "SpaceAttack"
#define PACKAGE_TARNAME "spaceattack"
#define PACKAGE_VERSION "1.0"
#define PACKAGE_STRING "SpaceAttack 1.0"
#define PACKAGE_BUGREPORT "aidenpw@hotmail.com"
#define PACKAGE_URL ""
#define STDC_HEADERS 1
#define HAVE_SYS_TYPES_H 1
#define HAVE_SYS_STAT_H 1
#define HAVE_STDLIB_H 1
#define HAVE_STRING_H 1
#define HAVE_MEMORY_H 1
#define HAVE_STRINGS_H 1
#define HAVE_INTTYPES_H 1
#define HAVE_STDINT_H 1
#define HAVE_UNISTD_H 1
#define HAVE_STDLIB_H 1
#define HAVE__BOOL 1
#define PACKAGE "spaceattack"
#define VERSION "1.0"

configure: exit 0
